Build started 2013-11-22 18:45:21.
     1>Project "C:\Users\mmrod_000\documents\visual studio 2013\Projects\CRC\CRC\CRC.vcxproj" on node 2 (Build target(s)).
     1>ClCompile:
         C:\Program Files (x86)\Microsoft Visual Studio 12.0\VC\bin\CL.exe /c /ZI /nologo /W3 /WX- /sdl /Od /Oy- /D _MBCS /Gm /EHsc /RTC1 /MDd /GS /fp:precise /Zc:wchar_t /Zc:forScope /Fo"Debug\\" /Fd"Debug\vc120.pdb" /Gd /TP /analyze- /errorReport:prompt main.cpp
         main.cpp
     1>c:\users\mmrod_000\documents\visual studio 2013\projects\crc\crc\main.cpp(9): warning C4018: '<' : signed/unsigned mismatch
     1>c:\users\mmrod_000\documents\visual studio 2013\projects\crc\crc\main.cpp(14): warning C4018: '<' : signed/unsigned mismatch
     1>c:\users\mmrod_000\documents\visual studio 2013\projects\crc\crc\main.cpp(19): warning C4018: '<' : signed/unsigned mismatch
     1>c:\users\mmrod_000\documents\visual studio 2013\projects\crc\crc\main.cpp(22): warning C4018: '<=' : signed/unsigned mismatch
     1>c:\users\mmrod_000\documents\visual studio 2013\projects\crc\crc\main.cpp(28): error C4996: 'scanf': This function or variable may be unsafe. Consider using scanf_s instead. To disable deprecation, use _CRT_SECURE_NO_WARNINGS. See online help for details.
                 c:\program files (x86)\microsoft visual studio 12.0\vc\include\stdio.h(283) : see declaration of 'scanf'
     1>c:\users\mmrod_000\documents\visual studio 2013\projects\crc\crc\main.cpp(32): warning C4018: '<' : signed/unsigned mismatch
     1>c:\users\mmrod_000\documents\visual studio 2013\projects\crc\crc\main.cpp(39): warning C4018: '<' : signed/unsigned mismatch
     1>c:\users\mmrod_000\documents\visual studio 2013\projects\crc\crc\main.cpp(51): warning C4018: '>' : signed/unsigned mismatch
     1>c:\users\mmrod_000\documents\visual studio 2013\projects\crc\crc\main.cpp(57): warning C4018: '<' : signed/unsigned mismatch
     1>c:\users\mmrod_000\documents\visual studio 2013\projects\crc\crc\main.cpp(58): warning C4018: '<' : signed/unsigned mismatch
     1>Done Building Project "C:\Users\mmrod_000\documents\visual studio 2013\Projects\CRC\CRC\CRC.vcxproj" (Build target(s)) -- FAILED.

Build FAILED.

Time Elapsed 00:00:00.79
